2025-06-27 09:46:00,155 INFO  [org.jboss.modules] (main) JBoss Modules version 2.1.2.Final
2025-06-27 09:46:00,921 INFO  [org.jboss.msc] (main) JBoss MSC version 1.5.2.Final
2025-06-27 09:46:00,931 INFO  [org.jboss.threads] (main) JBoss Threads version 2.4.0.Final
2025-06-27 09:46:01,069 INFO  [org.jboss.as] (MSC service thread 1-1) WFLYSRV0049: WildFly Full 30.0.1.Final (WildFly Core 22.0.2.Final) starting
2025-06-27 09:46:01,070 DEBUG [org.jboss.as.config] (MSC service thread 1-1) Configured system properties:
	[Standalone] = 
	file.encoding = UTF-8
	file.separator = \
	java.awt.headless = true
	java.class.path = D:\This PC\Projects\1. DSE\CBSE\CBSE_Project_3\server_template\st.cbse.LogisticsCenter.server\target\server\jboss-modules.jar
	java.class.version = 65.0
	java.home = C:\Program Files\Eclipse Adoptium\jdk-21.0.7.6-hotspot
	java.io.tmpdir = C:\Users\MDENAY~1\AppData\Local\Temp\
	java.library.path = C:\Program Files\Eclipse Adoptium\jdk-21.0.7.6-hotspot\bin;C:\WINDOWS\Sun\Java\bin;C:\WINDOWS\system32;C:\WINDOWS;C:\Program Files\Eclipse Adoptium\jdk-21.0.7.6-hotspot\bin;C:\Program Files (x86)\Common Files\Oracle\Java\java8path;C:\Program Files (x86)\Common Files\Oracle\Java\javapath;C:\Python311\Scripts\;C:\Python311\;C:\WINDOWS\system32;C:\WINDOWS;C:\WINDOWS\System32\Wbem;C:\WINDOWS\System32\WindowsPowerShell\v1.0\;C:\WINDOWS\System32\OpenSSH\;C:\Program Files\nodejs\;C:\ProgramData\chocolatey\bin;C:\Program Files\Git\cmd;C:\Program Files\dotnet\;C:\Program Files\Kubernetes\Minikube;C:\minikube;C:\Program Files\Docker\Docker\resources\bin;C:\Program Files\gsudo\Current;C:\WINDOWS\system32;C:\WINDOWS;C:\WINDOWS\System32\Wbem;C:\WINDOWS\System32\WindowsPowerShell\v1.0\;C:\WINDOWS\System32\OpenSSH\;C:\msys64\ucrt64\bin;C:\Program Files\Apache\apache-maven-3.9.10\bin;C:\Users\MD Enayetullah Anqur\.console-ninja\.bin;C:\Program Files\MySQL\MySQL Shell 8.0\bin\;C:\Users\MD Enayetullah Anqur\AppData\Local\Microsoft\WindowsApps;;C:\Users\MD Enayetullah Anqur\AppData\Local\Programs\Microsoft VS Code\bin;C:\Users\MD Enayetullah Anqur\AppData\Roaming\npm;C:\Users\MD Enayetullah Anqur\AppData\Local\Microsoft\WindowsApps;.
	java.net.preferIPv4Stack = true
	java.runtime.name = OpenJDK Runtime Environment
	java.runtime.version = 21.0.7+6-LTS
	java.security.manager = allow
	java.specification.name = Java Platform API Specification
	java.specification.vendor = Oracle Corporation
	java.specification.version = 21
	java.util.logging.manager = org.jboss.logmanager.LogManager
	java.vendor = Eclipse Adoptium
	java.vendor.url = https://adoptium.net/
	java.vendor.url.bug = https://github.com/adoptium/adoptium-support/issues
	java.vendor.version = Temurin-21.0.7+6
	java.version = 21.0.7
	java.version.date = 2025-04-15
	java.vm.compressedOopsMode = 32-bit
	java.vm.info = mixed mode, sharing
	java.vm.name = OpenJDK 64-Bit Server VM
	java.vm.specification.name = Java Virtual Machine Specification
	java.vm.specification.vendor = Oracle Corporation
	java.vm.specification.version = 21
	java.vm.vendor = Eclipse Adoptium
	java.vm.version = 21.0.7+6-LTS
	javax.management.builder.initial = org.jboss.as.jmx.PluggableMBeanServerBuilder
	jboss.home.dir = D:\This PC\Projects\1. DSE\CBSE\CBSE_Project_3\server_template\st.cbse.LogisticsCenter.server\target\server
	jboss.host.name = desktop-u0qgitp
	jboss.modules.system.pkgs = org.jboss.byteman
	jboss.node.name = desktop-u0qgitp
	jboss.qualified.host.name = desktop-u0qgitp
	jboss.server.base.dir = D:\This PC\Projects\1. DSE\CBSE\CBSE_Project_3\server_template\st.cbse.LogisticsCenter.server\target\server\standalone
	jboss.server.config.dir = D:\This PC\Projects\1. DSE\CBSE\CBSE_Project_3\server_template\st.cbse.LogisticsCenter.server\target\server\standalone\configuration
	jboss.server.data.dir = D:\This PC\Projects\1. DSE\CBSE\CBSE_Project_3\server_template\st.cbse.LogisticsCenter.server\target\server\standalone\data
	jboss.server.log.dir = D:\This PC\Projects\1. DSE\CBSE\CBSE_Project_3\server_template\st.cbse.LogisticsCenter.server\target\server\standalone\log
	jboss.server.name = desktop-u0qgitp
	jboss.server.persist.config = true
	jboss.server.temp.dir = D:\This PC\Projects\1. DSE\CBSE\CBSE_Project_3\server_template\st.cbse.LogisticsCenter.server\target\server\standalone\tmp
	jdk.debug = release
	line.separator = 

	logging.configuration = file:D:\This PC\Projects\1. DSE\CBSE\CBSE_Project_3\server_template\st.cbse.LogisticsCenter.server\target\server\standalone\configuration\logging.properties
	module.path = D:\This PC\Projects\1. DSE\CBSE\CBSE_Project_3\server_template\st.cbse.LogisticsCenter.server\target\server\modules
	native.encoding = Cp1252
	org.jboss.boot.log.file = D:\This PC\Projects\1. DSE\CBSE\CBSE_Project_3\server_template\st.cbse.LogisticsCenter.server\target\server\standalone\log\server.log
	org.jboss.resolver.warning = true
	os.arch = amd64
	os.name = Windows 11
	os.version = 10.0
	path.separator = ;
	stderr.encoding = cp437
	stdout.encoding = cp437
	sun.arch.data.model = 64
	sun.boot.library.path = C:\Program Files\Eclipse Adoptium\jdk-21.0.7.6-hotspot\bin
	sun.cpu.endian = little
	sun.cpu.isalist = amd64
	sun.io.unicode.encoding = UnicodeLittle
	sun.java.command = D:\This PC\Projects\1. DSE\CBSE\CBSE_Project_3\server_template\st.cbse.LogisticsCenter.server\target\server\jboss-modules.jar -mp D:\This PC\Projects\1. DSE\CBSE\CBSE_Project_3\server_template\st.cbse.LogisticsCenter.server\target\server\modules org.jboss.as.standalone -c=standalone-full.xml
	sun.java.launcher = SUN_STANDARD
	sun.jnu.encoding = Cp1252
	sun.management.compiler = HotSpot 64-Bit Tiered Compilers
	sun.os.patch.level = 
	user.country = US
	user.dir = D:\This PC\Projects\1. DSE\CBSE\CBSE_Project_3\server_template\st.cbse.LogisticsCenter.server
	user.home = C:\Users\MD Enayetullah Anqur
	user.language = en
	user.name = MD Enayetullah Anqur
	user.script = 
	user.timezone = Europe/Berlin
	user.variant = 
2025-06-27 09:46:01,075 DEBUG [org.jboss.as.config] (MSC service thread 1-1) VM Arguments: -D[Standalone] -Xms64m -Xmx512m -Djava.net.preferIPv4Stack=true -Djava.awt.headless=true -Djboss.modules.system.pkgs=org.jboss.byteman --add-exports=java.base/sun.nio.ch=ALL-UNNAMED --add-exports=jdk.unsupported/sun.reflect=ALL-UNNAMED --add-exports=jdk.unsupported/sun.misc=ALL-UNNAMED --add-modules=java.se --add-exports=java.desktop/sun.awt=ALL-UNNAMED --add-exports=java.naming/com.sun.jndi.ldap=ALL-UNNAMED --add-exports=java.naming/com.sun.jndi.url.ldap=ALL-UNNAMED --add-exports=java.naming/com.sun.jndi.url.ldaps=ALL-UNNAMED --add-exports=jdk.naming.dns/com.sun.jndi.dns=ALL-UNNAMED --add-opens=java.base/java.lang=ALL-UNNAMED --add-opens=java.base/java.lang.invoke=ALL-UNNAMED --add-opens=java.base/java.lang.reflect=ALL-UNNAMED --add-opens=java.base/java.io=ALL-UNNAMED --add-opens=java.base/java.net=ALL-UNNAMED --add-opens=java.base/java.security=ALL-UNNAMED --add-opens=java.base/java.util=ALL-UNNAMED --add-opens=java.base/java.util.concurrent=ALL-UNNAMED --add-opens=java.management/javax.management=ALL-UNNAMED --add-opens=java.naming/javax.naming=ALL-UNNAMED --add-modules=java.se -Djava.security.manager=allow -Djboss.home.dir=D:\This PC\Projects\1. DSE\CBSE\CBSE_Project_3\server_template\st.cbse.LogisticsCenter.server\target\server -Djboss.server.base.dir=D:\This PC\Projects\1. DSE\CBSE\CBSE_Project_3\server_template\st.cbse.LogisticsCenter.server\target\server\standalone -Djboss.server.log.dir=D:\This PC\Projects\1. DSE\CBSE\CBSE_Project_3\server_template\st.cbse.LogisticsCenter.server\target\server\standalone\log -Djboss.server.config.dir=D:\This PC\Projects\1. DSE\CBSE\CBSE_Project_3\server_template\st.cbse.LogisticsCenter.server\target\server\standalone\configuration -Dorg.jboss.boot.log.file=D:\This PC\Projects\1. DSE\CBSE\CBSE_Project_3\server_template\st.cbse.LogisticsCenter.server\target\server\standalone\log\server.log -Dlogging.configuration=file:D:\This PC\Projects\1. DSE\CBSE\CBSE_Project_3\server_template\st.cbse.LogisticsCenter.server\target\server\standalone\configuration\logging.properties 
2025-06-27 09:46:02,139 INFO  [org.wildfly.security] (ServerService Thread Pool -- 28) ELY00001: WildFly Elytron version 2.2.2.Final
2025-06-27 09:46:03,115 INFO  [org.jboss.as.controller.management-deprecated] (ServerService Thread Pool -- 24) WFLYCTL0028: Attribute 'cluster' in the resource at address '/subsystem=ejb3/service=remote' is deprecated, and may be removed in a future version. See the attribute description in the output of the read-resource-description operation to learn more about the deprecation.
2025-06-27 09:46:03,186 INFO  [org.jboss.as.server] (Controller Boot Thread) WFLYSRV0039: Creating http management service using socket-binding (management-http)
2025-06-27 09:46:03,215 INFO  [org.xnio] (MSC service thread 1-8) XNIO version 3.8.11.Final
2025-06-27 09:46:03,225 INFO  [org.xnio.nio] (MSC service thread 1-8) XNIO NIO Implementation Version 3.8.11.Final
2025-06-27 09:46:03,272 INFO  [org.jboss.as.jaxrs] (ServerService Thread Pool -- 60) WFLYRS0016: RESTEasy version 6.2.6.Final
2025-06-27 09:46:03,280 INFO  [org.wildfly.extension.elytron.oidc._private] (ServerService Thread Pool -- 55) WFLYOIDC0001: Activating WildFly Elytron OIDC Subsystem
2025-06-27 09:46:03,286 INFO  [org.jboss.as.clustering.infinispan] (ServerService Thread Pool -- 58) WFLYCLINF0001: Activating Infinispan subsystem.
2025-06-27 09:46:03,288 INFO  [org.wildfly.extension.health] (ServerService Thread Pool -- 56) WFLYHEALTH0001: Activating Base Health Subsystem
2025-06-27 09:46:03,296 WARN  [org.jboss.as.txn] (ServerService Thread Pool -- 78) WFLYTX0013: The node-identifier attribute on the /subsystem=transactions is set to the default value. This is a danger for environments running multiple servers. Please make sure the attribute value is unique.
2025-06-27 09:46:03,299 INFO  [org.wildfly.extension.microprofile.jwt.smallrye] (ServerService Thread Pool -- 70) WFLYJWT0001: Activating MicroProfile JWT Subsystem
2025-06-27 09:46:03,299 INFO  [org.wildfly.extension.io] (ServerService Thread Pool -- 59) WFLYIO001: Worker 'default' has auto-configured to 24 IO threads with 192 max task threads based on your 12 available processors
2025-06-27 09:46:03,303 INFO  [org.wildfly.extension.microprofile.config.smallrye] (ServerService Thread Pool -- 69) WFLYCONF0001: Activating MicroProfile Config Subsystem
2025-06-27 09:46:03,310 INFO  [org.jboss.as.jsf] (ServerService Thread Pool -- 65) WFLYJSF0007: Activated the following Jakarta Server Faces Implementations: [main]
2025-06-27 09:46:03,369 INFO  [org.wildfly.extension.metrics] (ServerService Thread Pool -- 68) WFLYMETRICS0001: Activating Base Metrics Subsystem
2025-06-27 09:46:03,369 INFO  [org.jboss.as.naming] (ServerService Thread Pool -- 71) WFLYNAM0001: Activating Naming Subsystem
2025-06-27 09:46:03,371 INFO  [org.jboss.as.webservices] (ServerService Thread Pool -- 80) WFLYWS0002: Activating WebServices Extension
2025-06-27 09:46:03,371 INFO  [org.wildfly.iiop.openjdk] (ServerService Thread Pool -- 57) WFLYIIOP0001: Activating IIOP Subsystem
2025-06-27 09:46:03,404 INFO  [org.jboss.as.connector] (MSC service thread 1-6) WFLYJCA0009: Starting Jakarta Connectors Subsystem (WildFly/IronJacamar 3.0.4.Final)
2025-06-27 09:46:03,503 INFO  [org.jboss.as.connector.subsystems.datasources] (ServerService Thread Pool -- 46) WFLYJCA0004: Deploying JDBC-compliant driver class org.h2.Driver (version 2.2)
2025-06-27 09:46:03,567 INFO  [org.wildfly.extension.undertow] (MSC service thread 1-8) WFLYUT0003: Undertow 2.3.10.Final starting
2025-06-27 09:46:03,576 INFO  [org.jboss.remoting] (MSC service thread 1-3) JBoss Remoting version 5.0.27.Final
2025-06-27 09:46:03,611 INFO  [org.jboss.as.connector.deployers.jdbc] (MSC service thread 1-1) WFLYJCA0018: Started Driver service with driver-name = h2
2025-06-27 09:46:03,612 INFO  [org.jboss.as.naming] (MSC service thread 1-1) WFLYNAM0003: Starting Naming Service
2025-06-27 09:46:03,615 INFO  [org.jboss.as.mail.extension] (MSC service thread 1-7) WFLYMAIL0001: Bound mail session [java:jboss/mail/Default]
2025-06-27 09:46:03,676 WARN  [org.wildfly.extension.elytron] (MSC service thread 1-6) WFLYELY00023: KeyStore file 'D:\This PC\Projects\1. DSE\CBSE\CBSE_Project_3\server_template\st.cbse.LogisticsCenter.server\target\server\standalone\configuration\application.keystore' does not exist. Used blank.
2025-06-27 09:46:03,767 INFO  [org.jboss.as.ejb3] (MSC service thread 1-1) WFLYEJB0482: Strict pool mdb-strict-max-pool is using a max instance size of 48 (per class), which is derived from the number of CPUs on this host.
2025-06-27 09:46:03,767 INFO  [org.jboss.as.ejb3] (MSC service thread 1-5) WFLYEJB0481: Strict pool slsb-strict-max-pool is using a max instance size of 192 (per class), which is derived from thread worker pool sizing.
2025-06-27 09:46:03,775 INFO  [org.wildfly.extension.undertow] (ServerService Thread Pool -- 79) WFLYUT0014: Creating file handler for path 'D:\This PC\Projects\1. DSE\CBSE\CBSE_Project_3\server_template\st.cbse.LogisticsCenter.server\target\server/welcome-content' with options [directory-listing: 'false', follow-symlink: 'false', case-sensitive: 'true', safe-symlink-paths: '[]']
2025-06-27 09:46:03,799 WARN  [org.wildfly.extension.elytron] (MSC service thread 1-6) WFLYELY01084: KeyStore D:\This PC\Projects\1. DSE\CBSE\CBSE_Project_3\server_template\st.cbse.LogisticsCenter.server\target\server\standalone\configuration\application.keystore not found, it will be auto-generated on first use with a self-signed certificate for host localhost
2025-06-27 09:46:03,894 INFO  [org.wildfly.extension.undertow] (MSC service thread 1-2) WFLYUT0012: Started server default-server.
2025-06-27 09:46:03,898 INFO  [org.wildfly.extension.undertow] (MSC service thread 1-5) Queuing requests.
2025-06-27 09:46:03,916 INFO  [org.wildfly.extension.undertow] (MSC service thread 1-5) WFLYUT0018: Host default-host starting
2025-06-27 09:46:04,137 INFO  [org.wildfly.extension.undertow] (MSC service thread 1-2) WFLYUT0006: Undertow HTTP listener default listening on 127.0.0.1:8080
2025-06-27 09:46:04,329 INFO  [org.wildfly.extension.undertow] (MSC service thread 1-3) WFLYUT0006: Undertow HTTPS listener https listening on 127.0.0.1:8443
2025-06-27 09:46:04,339 INFO  [org.jboss.as.server.deployment.scanner] (MSC service thread 1-7) WFLYDS0013: Started FileSystemDeploymentService for directory D:\This PC\Projects\1. DSE\CBSE\CBSE_Project_3\server_template\st.cbse.LogisticsCenter.server\target\server\standalone\deployments
2025-06-27 09:46:04,400 INFO  [org.wildfly.extension.messaging-activemq] (MSC service thread 1-6) WFLYMSGAMQ0001: AIO wasn't located on this platform, it will fall back to using pure Java NIO.
2025-06-27 09:46:04,457 INFO  [org.jboss.as.ejb3] (MSC service thread 1-2) WFLYEJB0493: Jakarta Enterprise Beans subsystem suspension complete
2025-06-27 09:46:04,611 INFO  [org.jboss.ws.common.management] (MSC service thread 1-3) JBWS022052: Starting JBossWS 7.0.0.Final (Apache CXF 4.0.0) 
2025-06-27 09:46:04,664 INFO  [org.jboss.as.connector.subsystems.datasources] (MSC service thread 1-3) WFLYJCA0001: Bound data source [java:jboss/datasources/ExampleDS]
2025-06-27 09:46:04,718 INFO  [org.apache.activemq.artemis.core.server] (ServerService Thread Pool -- 82) AMQ221000: live Message Broker is starting with configuration Broker Configuration (clustered=false,journalDirectory=D:\This PC\Projects\1. DSE\CBSE\CBSE_Project_3\server_template\st.cbse.LogisticsCenter.server\target\server\standalone\data\activemq\journal,bindingsDirectory=D:\This PC\Projects\1. DSE\CBSE\CBSE_Project_3\server_template\st.cbse.LogisticsCenter.server\target\server\standalone\data\activemq\bindings,largeMessagesDirectory=D:\This PC\Projects\1. DSE\CBSE\CBSE_Project_3\server_template\st.cbse.LogisticsCenter.server\target\server\standalone\data\activemq\largemessages,pagingDirectory=D:\This PC\Projects\1. DSE\CBSE\CBSE_Project_3\server_template\st.cbse.LogisticsCenter.server\target\server\standalone\data\activemq\paging)
2025-06-27 09:46:04,720 INFO  [org.wildfly.iiop.openjdk] (MSC service thread 1-8) WFLYIIOP0009: CORBA ORB Service started
2025-06-27 09:46:04,773 INFO  [org.apache.activemq.artemis.core.server] (ServerService Thread Pool -- 82) AMQ221013: Using NIO Journal
2025-06-27 09:46:04,928 INFO  [org.apache.activemq.artemis.core.server] (ServerService Thread Pool -- 82) AMQ221043: Protocol module found: [artemis-server]. Adding protocol support for: CORE
2025-06-27 09:46:04,930 INFO  [org.apache.activemq.artemis.core.server] (ServerService Thread Pool -- 82) AMQ221043: Protocol module found: [artemis-amqp-protocol]. Adding protocol support for: AMQP
2025-06-27 09:46:04,931 INFO  [org.apache.activemq.artemis.core.server] (ServerService Thread Pool -- 82) AMQ221043: Protocol module found: [artemis-hornetq-protocol]. Adding protocol support for: HORNETQ
2025-06-27 09:46:04,932 INFO  [org.apache.activemq.artemis.core.server] (ServerService Thread Pool -- 82) AMQ221043: Protocol module found: [artemis-stomp-protocol]. Adding protocol support for: STOMP
2025-06-27 09:46:05,032 INFO  [org.apache.activemq.artemis.core.server] (ServerService Thread Pool -- 82) AMQ221034: Waiting indefinitely to obtain live lock
2025-06-27 09:46:05,032 INFO  [org.apache.activemq.artemis.core.server] (ServerService Thread Pool -- 82) AMQ221035: Live Server Obtained live lock
2025-06-27 09:46:05,241 INFO  [org.apache.activemq.artemis.core.server] (ServerService Thread Pool -- 82) AMQ221003: Deploying ANYCAST queue jms.queue.ExpiryQueue on address jms.queue.ExpiryQueue
2025-06-27 09:46:05,326 INFO  [org.apache.activemq.artemis.core.server] (ServerService Thread Pool -- 82) AMQ221003: Deploying ANYCAST queue jms.queue.DLQ on address jms.queue.DLQ
2025-06-27 09:46:05,331 INFO  [org.wildfly.extension.messaging-activemq] (MSC service thread 1-8) WFLYMSGAMQ0016: Registered HTTP upgrade for activemq-remoting protocol handled by http-acceptor acceptor
2025-06-27 09:46:05,331 INFO  [org.wildfly.extension.messaging-activemq] (MSC service thread 1-7) WFLYMSGAMQ0016: Registered HTTP upgrade for activemq-remoting protocol handled by http-acceptor acceptor
2025-06-27 09:46:05,331 INFO  [org.wildfly.extension.messaging-activemq] (MSC service thread 1-4) WFLYMSGAMQ0016: Registered HTTP upgrade for activemq-remoting protocol handled by http-acceptor-throughput acceptor
2025-06-27 09:46:05,331 INFO  [org.wildfly.extension.messaging-activemq] (MSC service thread 1-1) WFLYMSGAMQ0016: Registered HTTP upgrade for activemq-remoting protocol handled by http-acceptor-throughput acceptor
2025-06-27 09:46:05,621 INFO  [org.apache.activemq.artemis.core.server] (ServerService Thread Pool -- 82) AMQ221007: Server is now live
2025-06-27 09:46:05,622 INFO  [org.apache.activemq.artemis.core.server] (ServerService Thread Pool -- 82) AMQ221001: Apache ActiveMQ Artemis Message Broker version 2.31.2 [default, nodeID=c75b5a9f-532a-11f0-992f-00155df6cbbb] 
2025-06-27 09:46:05,635 INFO  [org.wildfly.extension.messaging-activemq] (ServerService Thread Pool -- 83) WFLYMSGAMQ0002: Bound messaging object to jndi name java:jboss/exported/jms/RemoteConnectionFactory
2025-06-27 09:46:05,662 INFO  [org.wildfly.extension.messaging-activemq] (ServerService Thread Pool -- 84) WFLYMSGAMQ0002: Bound messaging object to jndi name java:/ConnectionFactory
2025-06-27 09:46:05,706 INFO  [org.jboss.as.connector.deployment] (MSC service thread 1-1) WFLYJCA0007: Registered connection factory java:/JmsXA
2025-06-27 09:46:05,749 INFO  [org.apache.activemq.artemis.ra.ActiveMQRALogger] (MSC service thread 1-1) AMQ151007: Resource adaptor started
2025-06-27 09:46:05,749 INFO  [org.jboss.as.connector.services.resourceadapters.ResourceAdapterActivatorService$ResourceAdapterActivator] (MSC service thread 1-1) IJ020002: Deployed: file://RaActivatoractivemq-ra
2025-06-27 09:46:05,751 INFO  [org.jboss.as.connector.deployment] (MSC service thread 1-8) WFLYJCA0002: Bound Jakarta Connectors ConnectionFactory [java:/JmsXA]
2025-06-27 09:46:05,752 INFO  [org.jboss.as.connector.deployment] (MSC service thread 1-1) WFLYJCA0118: Binding connection factory named java:/JmsXA to alias java:jboss/DefaultJMSConnectionFactory
